Apr 19, 2016 4:03:12 PM org.apache.catalina.startup.VersionLoggerListener log
INFO: Server version:        Apache Tomcat/7.0.69
Apr 19, 2016 4:03:12 PM org.apache.catalina.startup.VersionLoggerListener log
INFO: Server built:          Apr 11 2016 07:57:09 UTC
Apr 19, 2016 4:03:12 PM org.apache.catalina.startup.VersionLoggerListener log
INFO: Server number:         7.0.69.0
Apr 19, 2016 4:03:12 PM org.apache.catalina.startup.VersionLoggerListener log
INFO: OS Name:               Windows 8.1
Apr 19, 2016 4:03:12 PM org.apache.catalina.startup.VersionLoggerListener log
INFO: OS Version:            6.3
Apr 19, 2016 4:03:12 PM org.apache.catalina.startup.VersionLoggerListener log
INFO: Architecture:          amd64
Apr 19, 2016 4:03:12 PM org.apache.catalina.startup.VersionLoggerListener log
INFO: Java Home:             C:\Program Files\Java\jdk1.7.0_79\jre
Apr 19, 2016 4:03:12 PM org.apache.catalina.startup.VersionLoggerListener log
INFO: JVM Version:           1.7.0_79-b15
Apr 19, 2016 4:03:12 PM org.apache.catalina.startup.VersionLoggerListener log
INFO: JVM Vendor:            Oracle Corporation
Apr 19, 2016 4:03:12 PM org.apache.catalina.startup.VersionLoggerListener log
INFO: CATALINA_BASE:         C:\Users\Acer\Downloads\apache-tomcat-7.0.69\apache-tomcat-7.0.69
Apr 19, 2016 4:03:12 PM org.apache.catalina.startup.VersionLoggerListener log
INFO: CATALINA_HOME:         C:\Users\Acer\Downloads\apache-tomcat-7.0.69\apache-tomcat-7.0.69
Apr 19, 2016 4:03:12 PM org.apache.catalina.startup.VersionLoggerListener log
INFO: Command line argument: -Djdk.tls.ephemeralDHKeySize=2048
Apr 19, 2016 4:03:12 PM org.apache.catalina.startup.VersionLoggerListener log
INFO: Command line argument: -Djava.util.logging.config.file=C:\Users\Acer\Downloads\apache-tomcat-7.0.69\apache-tomcat-7.0.69\conf\logging.properties
Apr 19, 2016 4:03:12 PM org.apache.catalina.startup.VersionLoggerListener log
INFO: Command line argument: -Djava.util.logging.manager=org.apache.juli.ClassLoaderLogManager
Apr 19, 2016 4:03:12 PM org.apache.catalina.startup.VersionLoggerListener log
INFO: Command line argument: -Djava.endorsed.dirs=C:\Users\Acer\Downloads\apache-tomcat-7.0.69\apache-tomcat-7.0.69\endorsed
Apr 19, 2016 4:03:12 PM org.apache.catalina.startup.VersionLoggerListener log
INFO: Command line argument: -Dcatalina.base=C:\Users\Acer\Downloads\apache-tomcat-7.0.69\apache-tomcat-7.0.69
Apr 19, 2016 4:03:12 PM org.apache.catalina.startup.VersionLoggerListener log
INFO: Command line argument: -Dcatalina.home=C:\Users\Acer\Downloads\apache-tomcat-7.0.69\apache-tomcat-7.0.69
Apr 19, 2016 4:03:12 PM org.apache.catalina.startup.VersionLoggerListener log
INFO: Command line argument: -Djava.io.tmpdir=C:\Users\Acer\Downloads\apache-tomcat-7.0.69\apache-tomcat-7.0.69\temp
Apr 19, 2016 4:03:12 PM org.apache.catalina.core.AprLifecycleListener lifecycleEvent
INFO: The APR based Apache Tomcat Native library which allows optimal performance in production environments was not found on the java.library.path: C:\Program Files\Java\jdk1.7.0_79\bin;C:\WINDOWS\Sun\Java\bin;C:\WINDOWS\system32;C:\WINDOWS;C:\WINDOWS\system32;C:\WINDOWS;C:\WINDOWS\System32\Wbem;C:\WINDOWS\System32\WindowsPowerShell\v1.0\;.
Apr 19, 2016 4:03:13 PM org.apache.coyote.AbstractProtocol init
INFO: Initializing ProtocolHandler ["http-bio-8080"]
Apr 19, 2016 4:03:13 PM org.apache.coyote.AbstractProtocol init
INFO: Initializing ProtocolHandler ["ajp-bio-8009"]
Apr 19, 2016 4:03:13 PM org.apache.catalina.startup.Catalina load
INFO: Initialization processed in 3427 ms
Apr 19, 2016 4:03:13 PM org.apache.catalina.core.StandardService startInternal
INFO: Starting service Catalina
Apr 19, 2016 4:03:13 PM org.apache.catalina.core.StandardEngine startInternal
INFO: Starting Servlet Engine: Apache Tomcat/7.0.69
Apr 19, 2016 4:03:13 PM org.apache.catalina.startup.HostConfig deployDirectory
INFO: Deploying web application directory C:\Users\Acer\Downloads\apache-tomcat-7.0.69\apache-tomcat-7.0.69\webapps\docs
Apr 19, 2016 4:03:14 PM org.apache.catalina.util.SessionIdGeneratorBase createSecureRandom
INFO: Creation of SecureRandom instance for session ID generation using [SHA1PRNG] took [149] milliseconds.
Apr 19, 2016 4:03:15 PM org.apache.catalina.startup.HostConfig deployDirectory
INFO: Deployment of web application directory C:\Users\Acer\Downloads\apache-tomcat-7.0.69\apache-tomcat-7.0.69\webapps\docs has finished in 1,136 ms
Apr 19, 2016 4:03:15 PM org.apache.catalina.startup.HostConfig deployDirectory
INFO: Deploying web application directory C:\Users\Acer\Downloads\apache-tomcat-7.0.69\apache-tomcat-7.0.69\webapps\examples
Apr 19, 2016 4:03:15 PM org.apache.catalina.startup.HostConfig deployDirectory
INFO: Deployment of web application directory C:\Users\Acer\Downloads\apache-tomcat-7.0.69\apache-tomcat-7.0.69\webapps\examples has finished in 551 ms
Apr 19, 2016 4:03:15 PM org.apache.catalina.startup.HostConfig deployDirectory
INFO: Deploying web application directory C:\Users\Acer\Downloads\apache-tomcat-7.0.69\apache-tomcat-7.0.69\webapps\host-manager
Apr 19, 2016 4:03:15 PM org.apache.catalina.startup.HostConfig deployDirectory
INFO: Deployment of web application directory C:\Users\Acer\Downloads\apache-tomcat-7.0.69\apache-tomcat-7.0.69\webapps\host-manager has finished in 99 ms
Apr 19, 2016 4:03:15 PM org.apache.catalina.startup.HostConfig deployDirectory
INFO: Deploying web application directory C:\Users\Acer\Downloads\apache-tomcat-7.0.69\apache-tomcat-7.0.69\webapps\manager
Apr 19, 2016 4:03:15 PM org.apache.catalina.startup.HostConfig deployDirectory
INFO: Deployment of web application directory C:\Users\Acer\Downloads\apache-tomcat-7.0.69\apache-tomcat-7.0.69\webapps\manager has finished in 88 ms
Apr 19, 2016 4:03:15 PM org.apache.catalina.startup.HostConfig deployDirectory
INFO: Deploying web application directory C:\Users\Acer\Downloads\apache-tomcat-7.0.69\apache-tomcat-7.0.69\webapps\ROOT
Apr 19, 2016 4:03:15 PM org.apache.catalina.startup.HostConfig deployDirectory
INFO: Deployment of web application directory C:\Users\Acer\Downloads\apache-tomcat-7.0.69\apache-tomcat-7.0.69\webapps\ROOT has finished in 74 ms
Apr 19, 2016 4:03:15 PM org.apache.coyote.AbstractProtocol start
INFO: Starting ProtocolHandler ["http-bio-8080"]
Apr 19, 2016 4:03:15 PM org.apache.coyote.AbstractProtocol start
INFO: Starting ProtocolHandler ["ajp-bio-8009"]
Apr 19, 2016 4:03:15 PM org.apache.catalina.startup.Catalina start
INFO: Server startup in 2112 ms
